-------------------------------------------------------------------------------------------------------------------------------------------------------------------------------------------------------
      name:  <unnamed>
       log:  H:\SchnidmanLab3.log
  log type:  text
 opened on:  20 Nov 2013, 20:02:47

. set more off

. d

Contains data from H:\Data Lab3.DTA
  obs:           390                          
 vars:             7                          31 Oct 2013 14:18
 size:        21,450                          
-------------------------------------------------------------------------------------------------------------------------------------------------------------------------------------------------------
              storage   display    value
variable name   type    format     label      variable label
-------------------------------------------------------------------------------------------------------------------------------------------------------------------------------------------------------
year            byte    %9.0g                 
school          float   %9.0g                 secondary school enrollment
country         str34   %34s                  
morti           float   %9.0g                 infant mortality
GDP             long    %12.0g                Real GDP per capita
open            float   %9.0g                 exports+imports/gdp (pwt)
popgrow         float   %9.0g                 population growth
-------------------------------------------------------------------------------------------------------------------------------------------------------------------------------------------------------
Sorted by:  

. sum year school country morti GDP open popgrow

    Variable |       Obs        Mean    Std. Dev.       Min        Max
-------------+--------------------------------------------------------
        year |       390         4.5    1.710019          2          7
      school |       390    44.28462    29.50729          1      119.5
     country |         0
       morti |       390    64.99858    47.41982        4.6      199.8
         GDP |       390    4297.444    4011.341        341      17173
-------------+--------------------------------------------------------
        open |       390    67.18959    51.29825   10.33744   439.0288
     popgrow |       390   -4.107659    .8269218  -8.407023  -3.140251

. gen lngdp = ln(GDP)

. gen lnopen = ln(open)

. gen lnschool = ln(school)

. gen opengdp = lngdp*lnopen

. egen state=group(country)

. tab year, gen(time)

       year |      Freq.     Percent        Cum.
------------+-----------------------------------
          2 |         65       16.67       16.67
          3 |         65       16.67       33.33
          4 |         65       16.67       50.00
          5 |         65       16.67       66.67
          6 |         65       16.67       83.33
          7 |         65       16.67      100.00
------------+-----------------------------------
      Total |        390      100.00

. tab country, gen(nation)

                           country |      Freq.     Percent        Cum.
-----------------------------------+-----------------------------------
                           Algeria |          6        1.54        1.54
                         Argentina |          6        1.54        3.08
                         Australia |          6        1.54        4.62
                           Belgium |          6        1.54        6.15
                             Benin |          6        1.54        7.69
                           Bolivia |          6        1.54        9.23
                            Brazil |          6        1.54       10.77
                      Burkina Faso |          6        1.54       12.31
                           Burundi |          6        1.54       13.85
                          Cameroon |          6        1.54       15.38
                            Canada |          6        1.54       16.92
                             Chile |          6        1.54       18.46
                          Colombia |          6        1.54       20.00
                       Congo, Rep. |          6        1.54       21.54
                        Costa Rica |          6        1.54       23.08
                     Cote d'Ivoire |          6        1.54       24.62
                           Ecuador |          6        1.54       26.15
                  Egypt, Arab Rep. |          6        1.54       27.69
                              Fiji |          6        1.54       29.23
                           Finland |          6        1.54       30.77
                            France |          6        1.54       32.31
                             Ghana |          6        1.54       33.85
                            Greece |          6        1.54       35.38
                            Guyana |          6        1.54       36.92
                  Hong Kong, China |          6        1.54       38.46
                           Iceland |          6        1.54       40.00
                         Indonesia |          6        1.54       41.54
                            Israel |          6        1.54       43.08
                             Italy |          6        1.54       44.62
                           Jamaica |          6        1.54       46.15
                             Japan |          6        1.54       47.69
                             Kenya |          6        1.54       49.23
                       Korea, Rep. |          6        1.54       50.77
                           Lesotho |          6        1.54       52.31
                        Luxembourg |          6        1.54       53.85
                            Malawi |          6        1.54       55.38
                          Malaysia |          6        1.54       56.92
                        Mauritania |          6        1.54       58.46
                         Mauritius |          6        1.54       60.00
                            Mexico |          6        1.54       61.54
                           Morocco |          6        1.54       63.08
                       Netherlands |          6        1.54       64.62
                         Nicaragua |          6        1.54       66.15
                           Nigeria |          6        1.54       67.69
                            Norway |          6        1.54       69.23
                  Papua New Guinea |          6        1.54       70.77
                          Paraguay |          6        1.54       72.31
                              Peru |          6        1.54       73.85
                       Philippines |          6        1.54       75.38
                            Rwanda |          6        1.54       76.92
                           Senegal |          6        1.54       78.46
                         Singapore |          6        1.54       80.00
                             Spain |          6        1.54       81.54
                         Sri Lanka |          6        1.54       83.08
                            Sweden |          6        1.54       84.62
              Syrian Arab Republic |          6        1.54       86.15
                          Thailand |          6        1.54       87.69
                              Togo |          6        1.54       89.23
               Trinidad and Tobago |          6        1.54       90.77
                           Tunisia |          6        1.54       92.31
                            Uganda |          6        1.54       93.85
                    United Kingdom |          6        1.54       95.38
                           Uruguay |          6        1.54       96.92
                     Venezuela, RB |          6        1.54       98.46
                            Zambia |          6        1.54      100.00
-----------------------------------+-----------------------------------
                             Total |        390      100.00

. reg morti lngdp lnopen opengdp popgrow lnschool

      Source |       SS       df       MS              Number of obs =     390
-------------+------------------------------           F(  5,   384) =  336.02
       Model |  711991.165     5  142398.233           Prob > F      =  0.0000
    Residual |  162729.526   384  423.774808           R-squared     =  0.8140
-------------+------------------------------           Adj R-squared =  0.8115
       Total |  874720.691   389  2248.63931           Root MSE      =  20.586

------------------------------------------------------------------------------
       morti |      Coef.   Std. Err.      t    P>|t|     [95% Conf. Interval]
-------------+----------------------------------------------------------------
       lngdp |   -4.01673   7.682863    -0.52   0.601    -19.12248    11.08902
      lnopen |   32.74668    14.7329     2.22   0.027     3.779427    61.71393
     opengdp |  -4.343944   1.781815    -2.44   0.015     -7.84728   -.8406082
     popgrow |   2.228409   1.578773     1.41   0.159    -.8757132     5.33253
    lnschool |  -21.89442   1.886496   -11.61   0.000    -25.60357   -18.18526
       _cons |   187.8049   60.80764     3.09   0.002     68.24732    307.3626
------------------------------------------------------------------------------

. reg morti lngdp lnopen opengdp popgrow lnschool, robust

Linear regression                                      Number of obs =     390
                                                       F(  5,   384) =  466.75
                                                       Prob > F      =  0.0000
                                                       R-squared     =  0.8140
                                                       Root MSE      =  20.586

------------------------------------------------------------------------------
             |               Robust
       morti |      Coef.   Std. Err.      t    P>|t|     [95% Conf. Interval]
-------------+----------------------------------------------------------------
       lngdp |   -4.01673   6.528955    -0.62   0.539    -16.85371    8.820246
      lnopen |   32.74668   12.65987     2.59   0.010     7.855343    57.63802
     opengdp |  -4.343944   1.449511    -3.00   0.003    -7.193916   -1.493973
     popgrow |   2.228409   1.081544     2.06   0.040     .1019198    4.354897
    lnschool |  -21.89442   2.032373   -10.77   0.000    -25.89039   -17.89845
       _cons |   187.8049   53.06961     3.54   0.000     83.46153    292.1483
------------------------------------------------------------------------------

. test _b[lngdp]=_b[opengdp]=0

 ( 1)  lngdp - opengdp = 0
 ( 2)  lngdp = 0

       F(  2,   384) =   87.95
            Prob > F =    0.0000

. test _b[lnopen]=_b[opengdp]=0

 ( 1)  lnopen - opengdp = 0
 ( 2)  lnopen = 0

       F(  2,   384) =   12.97
            Prob > F =    0.0000

. xtset state year
       panel variable:  state (strongly balanced)
        time variable:  year, 2 to 7
                delta:  1 unit

. xtreg morti lngdp lnopen opengdp popgrow lnschool, fe robust

Fixed-effects (within) regression               Number of obs      =       390
Group variable: state                           Number of groups   =        65

R-sq:  within  = 0.6756                         Obs per group: min =         6
       between = 0.7898                                        avg =       6.0
       overall = 0.7732                                        max =         6

                                                F(5,64)            =     47.04
corr(u_i, Xb)  = 0.1033                         Prob > F           =    0.0000

                                 (Std. Err. adjusted for 65 clusters in state)
------------------------------------------------------------------------------
             |               Robust
       morti |      Coef.   Std. Err.      t    P>|t|     [95% Conf. Interval]
-------------+----------------------------------------------------------------
       lngdp |  -15.62391   11.84011    -1.32   0.192    -39.27724    8.029427
      lnopen |   -20.5811    16.9785    -1.21   0.230    -54.49955    13.33736
     opengdp |   1.939349   2.299753     0.84   0.402    -2.654936    6.533634
     popgrow |    1.38841   1.228943     1.13   0.263    -1.066685    3.843505
    lnschool |  -30.93215   3.508156    -8.82   0.000     -37.9405   -23.92381
       _cons |   321.2399    82.6812     3.89   0.000     156.0652    486.4146
-------------+----------------------------------------------------------------
     sigma_u |  20.391742
     sigma_e |  11.232837
         rho |  .76720168   (fraction of variance due to u_i)
------------------------------------------------------------------------------

. test _b[lngdp]=_b[opengdp]=0

 ( 1)  lngdp - opengdp = 0
 ( 2)  lngdp = 0

       F(  2,    64) =    1.44
            Prob > F =    0.2434

. test _b[lnopen]=_b[opengdp]=0

 ( 1)  lnopen - opengdp = 0
 ( 2)  lnopen = 0

       F(  2,    64) =    1.37
            Prob > F =    0.2621

. xtreg morti lngdp lnopen opengdp popgrow lnschool time2-time6, fe robust

Fixed-effects (within) regression               Number of obs      =       390
Group variable: state                           Number of groups   =        65

R-sq:  within  = 0.7678                         Obs per group: min =         6
       between = 0.4500                                        avg =       6.0
       overall = 0.3746                                        max =         6

                                                F(10,64)           =     32.95
corr(u_i, Xb)  = 0.2754                         Prob > F           =    0.0000

                                 (Std. Err. adjusted for 65 clusters in state)
------------------------------------------------------------------------------
             |               Robust
       morti |      Coef.   Std. Err.      t    P>|t|     [95% Conf. Interval]
-------------+----------------------------------------------------------------
       lngdp |   -18.6277   11.22512    -1.66   0.102    -41.05247     3.79706
      lnopen |  -41.47978   15.35969    -2.70   0.009    -72.16428   -10.79527
     opengdp |   5.080965   2.070085     2.45   0.017     .9454938    9.216436
     popgrow |  -4.205217   1.260609    -3.34   0.001    -6.723574   -1.686861
    lnschool |  -12.61973   4.034668    -3.13   0.003    -20.67991   -4.559554
       time2 |  -6.811474   1.657974    -4.11   0.000    -10.12366    -3.49929
       time3 |   -13.4014   2.874542    -4.66   0.000    -19.14396   -7.658847
       time4 |  -20.93499   3.980897    -5.26   0.000    -28.88775   -12.98223
       time5 |  -27.61322   4.680672    -5.90   0.000    -36.96394   -18.26251
       time6 |   -33.1385   5.395157    -6.14   0.000    -43.91657   -22.36044
       _cons |    260.092   81.70504     3.18   0.002     96.86742    423.3166
-------------+----------------------------------------------------------------
     sigma_u |  38.211866
     sigma_e |  9.5774357
         rho |  .94089257   (fraction of variance due to u_i)
------------------------------------------------------------------------------

. test _b[lngdp]=_b[opengdp]=0

 ( 1)  lngdp - opengdp = 0
 ( 2)  lngdp = 0

       F(  2,    64) =    4.57
            Prob > F =    0.0140

. test _b[lnopen]=_b[opengdp]=0

 ( 1)  lnopen - opengdp = 0
 ( 2)  lnopen = 0

       F(  2,    64) =    3.76
            Prob > F =    0.0285

. log close
      name:  <unnamed>
       log:  H:\SchnidmanLab3.log
  log type:  text
 closed on:  20 Nov 2013, 20:02:49
-------------------------------------------------------------------------------------------------------------------------------------------------------------------------------------------------------
